<?xml version="1.0" encoding="UTF-8"?>
<!-- Generated by org.testng.reporters.JUnitReportReporter -->
<testsuite skipped="0" hostname="LAPTOP-ILNJ9H0L" name="co.edu.icesi.Taller1ApplicationTests" tests="6" failures="0" timestamp="21 Sep 2019 15:45:01 GMT" time="0.053" errors="0">
  <testcase name="agregarBusNull" time="0.001" classname="co.edu.icesi.Taller1ApplicationTests"/>
  <testcase name="agregarBusCapacidadMenorCero" time="0.001" classname="co.edu.icesi.Taller1ApplicationTests"/>
  <testcase name="agregarBus" time="0.023" classname="co.edu.icesi.Taller1ApplicationTests"/>
  <testcase name="agregarBusCapacidadIgualCero" time="0.003" classname="co.edu.icesi.Taller1ApplicationTests"/>
  <testcase name="agregarBusOtroTipo" time="0.001" classname="co.edu.icesi.Taller1ApplicationTests"/>
  <testcase name="agregarConductor" time="0.024" classname="co.edu.icesi.Taller1ApplicationTests"/>
</testsuite> <!-- co.edu.icesi.Taller1ApplicationTests -->
