<?xml version="1.0" encoding="UTF-8"?>
<!-- Generated by org.testng.reporters.JUnitReportReporter -->
<testsuite skipped="0" hostname="LAPTOP-ILNJ9H0L" name="co.edu.icesi.ConductorIntegrationTest" tests="6" failures="0" timestamp="22 Sep 2019 17:46:31 GMT" time="0.019" errors="0">
  <testcase name="agregarConductorFechasIguales" time="0.001" classname="co.edu.icesi.ConductorIntegrationTest"/>
  <testcase name="agregarConductorFechaContratacionMenor" time="0.002" classname="co.edu.icesi.ConductorIntegrationTest"/>
  <testcase name="agregarConductorNull" time="0.001" classname="co.edu.icesi.ConductorIntegrationTest"/>
  <testcase name="agregarConductorFechaNacimientoNull" time="0.002" classname="co.edu.icesi.ConductorIntegrationTest"/>
  <testcase name="agregarConductorFechaContratacionNull" time="0.001" classname="co.edu.icesi.ConductorIntegrationTest"/>
  <testcase name="agregarConductor" time="0.012" classname="co.edu.icesi.ConductorIntegrationTest"/>
</testsuite> <!-- co.edu.icesi.ConductorIntegrationTest -->
