<?xml version="1.0" encoding="UTF-8"?>
<!-- Generated by org.testng.reporters.JUnitReportReporter -->
<testsuite skipped="0" hostname="LAPTOP-ILNJ9H0L" name="co.edu.icesi.NewTest" tests="1" failures="0" timestamp="24 Sep 2019 15:03:56 GMT" time="0.007" errors="0">
  <testcase name="f" time="0.007" classname="co.edu.icesi.NewTest"/>
</testsuite> <!-- co.edu.icesi.NewTest -->
