<?xml version="1.0" encoding="UTF-8"?>
<!-- Generated by org.testng.reporters.JUnitReportReporter -->
<testsuite skipped="0" hostname="LAPTOP-ILNJ9H0L" name="co.edu.icesi.RutaIntegrationTest" tests="1" failures="0" timestamp="24 Sep 2019 14:41:31 GMT" time="0.011" errors="0">
  <testcase name="testAgregarRuta" time="0.011" classname="co.edu.icesi.RutaIntegrationTest"/>
</testsuite> <!-- co.edu.icesi.RutaIntegrationTest -->
