<?xml version="1.0" encoding="UTF-8"?>
<!-- Generated by org.testng.reporters.JUnitReportReporter -->
<testsuite skipped="0" hostname="LAPTOP-ILNJ9H0L" name="co.edu.icesi.BusIntegrationTest" tests="1" failures="0" timestamp="21 Sep 2019 22:15:38 GMT" time="0.010" errors="0">
  <testcase name="agregarBus" time="0.010" classname="co.edu.icesi.BusIntegrationTest"/>
</testsuite> <!-- co.edu.icesi.BusIntegrationTest -->
