<?xml version="1.0" encoding="UTF-8"?>
<!-- Generated by org.testng.reporters.JUnitReportReporter -->
<testsuite skipped="0" hostname="LAPTOP-ILNJ9H0L" name="co.edu.icesi.ServicioTest" tests="8" failures="0" timestamp="25 Sep 2019 02:26:12 GMT" time="0.030" errors="0">
  <testcase name="testConductorNull" time="0.002" classname="co.edu.icesi.ServicioTest"/>
  <testcase name="testFechaConductorNoConsistente" time="0.002" classname="co.edu.icesi.ServicioTest"/>
  <testcase name="testBusNull" time="0.008" classname="co.edu.icesi.ServicioTest"/>
  <testcase name="testFechaFinMenor" time="0.002" classname="co.edu.icesi.ServicioTest"/>
  <testcase name="agregarServicio" time="0.011" classname="co.edu.icesi.ServicioTest"/>
  <testcase name="testFechaContratacionMayor" time="0.002" classname="co.edu.icesi.ServicioTest"/>
  <testcase name="testServicioNull" time="0.001" classname="co.edu.icesi.ServicioTest"/>
  <testcase name="testRutaNull" time="0.002" classname="co.edu.icesi.ServicioTest"/>
</testsuite> <!-- co.edu.icesi.ServicioTest -->
