<?xml version="1.0" encoding="UTF-8"?>
<!-- Generated by org.testng.reporters.JUnitReportReporter -->
<testsuite skipped="0" hostname="LAPTOP-ILNJ9H0L" name="co.edu.icesi.ConductorTest" tests="6" failures="0" timestamp="25 Sep 2019 09:27:38 GMT" time="0.054" errors="0">
  <testcase name="agregarConductor" time="0.041" classname="co.edu.icesi.ConductorTest"/>
  <testcase name="agregarConductorFechaContratacionNull" time="0.003" classname="co.edu.icesi.ConductorTest"/>
  <testcase name="agregarConductorFechaNacimientoNull" time="0.001" classname="co.edu.icesi.ConductorTest"/>
  <testcase name="agregarConductorFechaContratacionMenor" time="0.005" classname="co.edu.icesi.ConductorTest"/>
  <testcase name="agregarConductorNull" time="0.002" classname="co.edu.icesi.ConductorTest"/>
  <testcase name="agregarConductorFechasIguales" time="0.002" classname="co.edu.icesi.ConductorTest"/>
</testsuite> <!-- co.edu.icesi.ConductorTest -->
